This is pdfTeX, Version 3.141592653-2.6-1.40.24 (MiKTeX 22.1) (preloaded format=pdflatex 2024.3.15)  17 APR 2024 17:50
entering extended mode
 restricted \write18 enabled.
 %&-line parsing enabled.
**./main.tex
(main.tex
LaTeX2e <2023-11-01> patch level 1
L3 programming layer <2024-02-20>

(/Users/bamingyuan/Library/Application Support/MiKTeX/texmfs/install/tex/latex/
base/article.cls
Document Class: article 2023/05/17 v1.4n Standard LaTeX document class

(/Users/bamingyuan/Library/Application Support/MiKTeX/texmfs/install/tex/latex/
base/size12.clo
File: size12.clo 2023/05/17 v1.4n Standard LaTeX file (size option)
)
\c@part=\count188
\c@section=\count189
\c@subsection=\count190
\c@subsubsection=\count191
\c@paragraph=\count192
\c@subparagraph=\count193
\c@figure=\count194
\c@table=\count195
\abovecaptionskip=\skip48
\belowcaptionskip=\skip49
\bibindent=\dimen140
)
(/Users/bamingyuan/Library/Application Support/MiKTeX/texmfs/install/tex/latex/
psnfss/mathpazo.sty
Package: mathpazo 2020/03/25 PSNFSS-v9.3 Palatino w/ Pazo Math (D.Puga, WaS) 
\symupright=\mathgroup4
)
(/Users/bamingyuan/Library/Application Support/MiKTeX/texmfs/install/tex/latex/
xcolor/xcolor.sty
Package: xcolor 2023/11/15 v3.01 LaTeX color extensions (UK)

(/Users/bamingyuan/Library/Application Support/MiKTeX/texmfs/install/tex/latex/
graphics-cfg/color.cfg
File: color.cfg 2016/01/02 v1.6 sample color configuration
)
Package xcolor Info: Driver file: pdftex.def on input line 274.

(/Users/bamingyuan/Library/Application Support/MiKTeX/texmfs/install/tex/latex/
graphics-def/pdftex.def
File: pdftex.def 2022/09/22 v1.2b Graphics/color driver for pdftex
)
(/Users/bamingyuan/Library/Application Support/MiKTeX/texmfs/install/tex/latex/
graphics/mathcolor.ltx)
Package xcolor Info: Model `cmy' substituted by `cmy0' on input line 1350.
Package xcolor Info: Model `hsb' substituted by `rgb' on input line 1354.
Package xcolor Info: Model `RGB' extended on input line 1366.
Package xcolor Info: Model `HTML' substituted by `rgb' on input line 1368.
Package xcolor Info: Model `Hsb' substituted by `hsb' on input line 1369.
Package xcolor Info: Model `tHsb' substituted by `hsb' on input line 1370.
Package xcolor Info: Model `HSB' substituted by `hsb' on input line 1371.
Package xcolor Info: Model `Gray' substituted by `gray' on input line 1372.
Package xcolor Info: Model `wave' substituted by `hsb' on input line 1373.
)
(/Users/bamingyuan/Library/Application Support/MiKTeX/texmfs/install/tex/latex/
xcolor/svgnam.def
File: svgnam.def 2023/11/15 v3.01 Predefined colors according to SVG 1.1 (UK)
)
(/Users/bamingyuan/Library/Application Support/MiKTeX/texmfs/install/tex/latex/
base/fontenc.sty
Package: fontenc 2021/04/29 v2.0v Standard LaTeX package
LaTeX Font Info:    Trying to load font information for T1+pplj on input line 1
12.

(/Users/bamingyuan/Library/Application Support/MiKTeX/texmfs/install/tex/latex/
psnfss/t1pplj.fd
File: t1pplj.fd 2004/09/06 font definitions for T1/pplj.
))
(/Users/bamingyuan/Library/Application Support/MiKTeX/texmfs/install/tex/latex/
amsmath/amsmath.sty
Package: amsmath 2023/05/13 v2.17o AMS math features
\@mathmargin=\skip50

For additional information on amsmath, use the `?' option.

(/Users/bamingyuan/Library/Application Support/MiKTeX/texmfs/install/tex/latex/
amsmath/amstext.sty
Package: amstext 2021/08/26 v2.01 AMS text

(/Users/bamingyuan/Library/Application Support/MiKTeX/texmfs/install/tex/latex/
amsmath/amsgen.sty
File: amsgen.sty 1999/11/30 v2.0 generic functions
\@emptytoks=\toks17
\ex@=\dimen141
))
(/Users/bamingyuan/Library/Application Support/MiKTeX/texmfs/install/tex/latex/
amsmath/amsbsy.sty
Package: amsbsy 1999/11/29 v1.2d Bold Symbols
\pmbraise@=\dimen142
)
(/Users/bamingyuan/Library/Application Support/MiKTeX/texmfs/install/tex/latex/
amsmath/amsopn.sty
Package: amsopn 2022/04/08 v2.04 operator names
)
\inf@bad=\count196
LaTeX Info: Redefining \frac on input line 234.
\uproot@=\count197
\leftroot@=\count198
LaTeX Info: Redefining \overline on input line 399.
LaTeX Info: Redefining \colon on input line 410.
\classnum@=\count199
\DOTSCASE@=\count266
LaTeX Info: Redefining \ldots on input line 496.
LaTeX Info: Redefining \dots on input line 499.
LaTeX Info: Redefining \cdots on input line 620.
\Mathstrutbox@=\box51
\strutbox@=\box52
LaTeX Info: Redefining \big on input line 722.
LaTeX Info: Redefining \Big on input line 723.
LaTeX Info: Redefining \bigg on input line 724.
LaTeX Info: Redefining \Bigg on input line 725.
\big@size=\dimen143
LaTeX Font Info:    Redeclaring font encoding OML on input line 743.
LaTeX Font Info:    Redeclaring font encoding OMS on input line 744.
\macc@depth=\count267
LaTeX Info: Redefining \bmod on input line 905.
LaTeX Info: Redefining \pmod on input line 910.
LaTeX Info: Redefining \smash on input line 940.
LaTeX Info: Redefining \relbar on input line 970.
LaTeX Info: Redefining \Relbar on input line 971.
\c@MaxMatrixCols=\count268
\dotsspace@=\muskip16
\c@parentequation=\count269
\dspbrk@lvl=\count270
\tag@help=\toks18
\row@=\count271
\column@=\count272
\maxfields@=\count273
\andhelp@=\toks19
\eqnshift@=\dimen144
\alignsep@=\dimen145
\tagshift@=\dimen146
\tagwidth@=\dimen147
\totwidth@=\dimen148
\lineht@=\dimen149
\@envbody=\toks20
\multlinegap=\skip51
\multlinetaggap=\skip52
\mathdisplay@stack=\toks21
LaTeX Info: Redefining \[ on input line 2953.
LaTeX Info: Redefining \] on input line 2954.
)
(/Users/bamingyuan/Library/Application Support/MiKTeX/texmfs/install/tex/latex/
amscls/amsthm.sty
Package: amsthm 2020/05/29 v2.20.6
\thm@style=\toks22
\thm@bodyfont=\toks23
\thm@headfont=\toks24
\thm@notefont=\toks25
\thm@headpunct=\toks26
\thm@preskip=\skip53
\thm@postskip=\skip54
\thm@headsep=\skip55
\dth@everypar=\toks27
)
(/Users/bamingyuan/Library/Application Support/MiKTeX/texmfs/install/tex/latex/
amsfonts/amsfonts.sty
Package: amsfonts 2013/01/14 v3.01 Basic AMSFonts support
\symAMSa=\mathgroup5
\symAMSb=\mathgroup6
LaTeX Font Info:    Redeclaring math symbol \hbar on input line 98.
LaTeX Font Info:    Overwriting math alphabet `\mathfrak' in version `bold'
(Font)                  U/euf/m/n --> U/euf/b/n on input line 106.
)
(/Users/bamingyuan/Library/Application Support/MiKTeX/texmfs/install/tex/latex/
amsfonts/amssymb.sty
Package: amssymb 2013/01/14 v3.01 AMS font symbols
)
(/Users/bamingyuan/Library/Application Support/MiKTeX/texmfs/install/tex/latex/
mathtools/mathtools.sty
Package: mathtools 2024/03/11 v1.30 mathematical typesetting tools

(/Users/bamingyuan/Library/Application Support/MiKTeX/texmfs/install/tex/latex/
graphics/keyval.sty
Package: keyval 2022/05/29 v1.15 key=value parser (DPC)
\KV@toks@=\toks28
)
(/Users/bamingyuan/Library/Application Support/MiKTeX/texmfs/install/tex/latex/
tools/calc.sty
Package: calc 2023/07/08 v4.3 Infix arithmetic (KKT,FJ)
\calc@Acount=\count274
\calc@Bcount=\count275
\calc@Adimen=\dimen150
\calc@Bdimen=\dimen151
\calc@Askip=\skip56
\calc@Bskip=\skip57
LaTeX Info: Redefining \setlength on input line 80.
LaTeX Info: Redefining \addtolength on input line 81.
\calc@Ccount=\count276
\calc@Cskip=\skip58
)
(/Users/bamingyuan/Library/Application Support/MiKTeX/texmfs/install/tex/latex/
mathtools/mhsetup.sty
Package: mhsetup 2021/03/18 v1.4 programming setup (MH)
)
\g_MT_multlinerow_int=\count277
\l_MT_multwidth_dim=\dimen152
\origjot=\skip59
\l_MT_shortvdotswithinadjustabove_dim=\dimen153
\l_MT_shortvdotswithinadjustbelow_dim=\dimen154
\l_MT_above_intertext_sep=\dimen155
\l_MT_below_intertext_sep=\dimen156
\l_MT_above_shortintertext_sep=\dimen157
\l_MT_below_shortintertext_sep=\dimen158
\xmathstrut@box=\box53
\xmathstrut@dim=\dimen159
)
(/Users/bamingyuan/Library/Application Support/MiKTeX/texmfs/install/tex/latex/
hyperref/hyperref.sty
Package: hyperref 2024-01-20 v7.01h Hypertext links for LaTeX

(/Users/bamingyuan/Library/Application Support/MiKTeX/texmfs/install/tex/generi
c/iftex/iftex.sty
Package: iftex 2022/02/03 v1.0f TeX engine tests
)
(/Users/bamingyuan/Library/Application Support/MiKTeX/texmfs/install/tex/latex/
kvsetkeys/kvsetkeys.sty
Package: kvsetkeys 2022-10-05 v1.19 Key value parser (HO)
)
(/Users/bamingyuan/Library/Application Support/MiKTeX/texmfs/install/tex/generi
c/kvdefinekeys/kvdefinekeys.sty
Package: kvdefinekeys 2019-12-19 v1.6 Define keys (HO)
)
(/Users/bamingyuan/Library/Application Support/MiKTeX/texmfs/install/tex/generi
c/pdfescape/pdfescape.sty
Package: pdfescape 2019/12/09 v1.15 Implements pdfTeX's escape features (HO)

(/Users/bamingyuan/Library/Application Support/MiKTeX/texmfs/install/tex/generi
c/ltxcmds/ltxcmds.sty
Package: ltxcmds 2023-12-04 v1.26 LaTeX kernel commands for general use (HO)
)
(/Users/bamingyuan/Library/Application Support/MiKTeX/texmfs/install/tex/generi
c/pdftexcmds/pdftexcmds.sty
Package: pdftexcmds 2020-06-27 v0.33 Utility functions of pdfTeX for LuaTeX (HO
)

(/Users/bamingyuan/Library/Application Support/MiKTeX/texmfs/install/tex/generi
c/infwarerr/infwarerr.sty
Package: infwarerr 2019/12/03 v1.5 Providing info/warning/error messages (HO)
)
Package pdftexcmds Info: \pdf@primitive is available.
Package pdftexcmds Info: \pdf@ifprimitive is available.
Package pdftexcmds Info: \pdfdraftmode found.
))
(/Users/bamingyuan/Library/Application Support/MiKTeX/texmfs/install/tex/latex/
hycolor/hycolor.sty
Package: hycolor 2020-01-27 v1.10 Color options for hyperref/bookmark (HO)
)
(/Users/bamingyuan/Library/Application Support/MiKTeX/texmfs/install/tex/latex/
auxhook/auxhook.sty
Package: auxhook 2019-12-17 v1.6 Hooks for auxiliary files (HO)
)
(/Users/bamingyuan/Library/Application Support/MiKTeX/texmfs/install/tex/latex/
hyperref/nameref.sty
Package: nameref 2023-11-26 v2.56 Cross-referencing by name of section

(/Users/bamingyuan/Library/Application Support/MiKTeX/texmfs/install/tex/latex/
refcount/refcount.sty
Package: refcount 2019/12/15 v3.6 Data extraction from label references (HO)
)
(/Users/bamingyuan/Library/Application Support/MiKTeX/texmfs/install/tex/generi
c/gettitlestring/gettitlestring.sty
Package: gettitlestring 2019/12/15 v1.6 Cleanup title references (HO)

(/Users/bamingyuan/Library/Application Support/MiKTeX/texmfs/install/tex/latex/
kvoptions/kvoptions.sty
Package: kvoptions 2022-06-15 v3.15 Key value format for package options (HO)
))
\c@section@level=\count278
)
(/Users/bamingyuan/Library/Application Support/MiKTeX/texmfs/install/tex/latex/
etoolbox/etoolbox.sty
Package: etoolbox 2020/10/05 v2.5k e-TeX tools for LaTeX (JAW)
\etb@tempcnta=\count279
)
\@linkdim=\dimen160
\Hy@linkcounter=\count280
\Hy@pagecounter=\count281

(/Users/bamingyuan/Library/Application Support/MiKTeX/texmfs/install/tex/latex/
hyperref/pd1enc.def
File: pd1enc.def 2024-01-20 v7.01h Hyperref: PDFDocEncoding definition (HO)
Now handling font encoding PD1 ...
... no UTF-8 mapping file for font encoding PD1
)
(/Users/bamingyuan/Library/Application Support/MiKTeX/texmfs/install/tex/generi
c/intcalc/intcalc.sty
Package: intcalc 2019/12/15 v1.3 Expandable calculations with integers (HO)
)
\Hy@SavedSpaceFactor=\count282

(/Users/bamingyuan/Library/Application Support/MiKTeX/texmfs/install/tex/latex/
hyperref/puenc.def
File: puenc.def 2024-01-20 v7.01h Hyperref: PDF Unicode definition (HO)
Now handling font encoding PU ...
... no UTF-8 mapping file for font encoding PU
)
Package hyperref Info: Hyper figures OFF on input line 4179.
Package hyperref Info: Link nesting OFF on input line 4184.
Package hyperref Info: Hyper index ON on input line 4187.
Package hyperref Info: Plain pages OFF on input line 4194.
Package hyperref Info: Backreferencing OFF on input line 4199.
Package hyperref Info: Implicit mode ON; LaTeX internals redefined.
Package hyperref Info: Bookmarks ON on input line 4446.
\c@Hy@tempcnt=\count283

(/Users/bamingyuan/Library/Application Support/MiKTeX/texmfs/install/tex/latex/
url/url.sty
\Urlmuskip=\muskip17
Package: url 2013/09/16  ver 3.4  Verb mode for urls, etc.
)
LaTeX Info: Redefining \url on input line 4784.
\XeTeXLinkMargin=\dimen161

(/Users/bamingyuan/Library/Application Support/MiKTeX/texmfs/install/tex/generi
c/bitset/bitset.sty
Package: bitset 2019/12/09 v1.3 Handle bit-vector datatype (HO)

(/Users/bamingyuan/Library/Application Support/MiKTeX/texmfs/install/tex/generi
c/bigintcalc/bigintcalc.sty
Package: bigintcalc 2019/12/15 v1.5 Expandable calculations on big integers (HO
)
))
\Fld@menulength=\count284
\Field@Width=\dimen162
\Fld@charsize=\dimen163
Package hyperref Info: Hyper figures OFF on input line 6063.
Package hyperref Info: Link nesting OFF on input line 6068.
Package hyperref Info: Hyper index ON on input line 6071.
Package hyperref Info: backreferencing OFF on input line 6078.
Package hyperref Info: Link coloring OFF on input line 6083.
Package hyperref Info: Link coloring with OCG OFF on input line 6088.
Package hyperref Info: PDF/A mode OFF on input line 6093.

(/Users/bamingyuan/Library/Application Support/MiKTeX/texmfs/install/tex/latex/
base/atbegshi-ltx.sty
Package: atbegshi-ltx 2021/01/10 v1.0c Emulation of the original atbegshi
package with kernel methods
)
\Hy@abspage=\count285
\c@Item=\count286
\c@Hfootnote=\count287
)
Package hyperref Info: Driver (autodetected): hpdftex.

(/Users/bamingyuan/Library/Application Support/MiKTeX/texmfs/install/tex/latex/
hyperref/hpdftex.def
File: hpdftex.def 2024-01-20 v7.01h Hyperref driver for pdfTeX

(/Users/bamingyuan/Library/Application Support/MiKTeX/texmfs/install/tex/latex/
base/atveryend-ltx.sty
Package: atveryend-ltx 2020/08/19 v1.0a Emulation of the original atveryend pac
kage
with kernel methods
)
\Fld@listcount=\count288
\c@bookmark@seq@number=\count289

(/Users/bamingyuan/Library/Application Support/MiKTeX/texmfs/install/tex/latex/
rerunfilecheck/rerunfilecheck.sty
Package: rerunfilecheck 2022-07-10 v1.10 Rerun checks for auxiliary files (HO)

(/Users/bamingyuan/Library/Application Support/MiKTeX/texmfs/install/tex/generi
c/uniquecounter/uniquecounter.sty
Package: uniquecounter 2019/12/15 v1.4 Provide unlimited unique counter (HO)
)
Package uniquecounter Info: New unique counter `rerunfilecheck' on input line 2
85.
)
\Hy@SectionHShift=\skip60
)
(/Users/bamingyuan/Library/Application Support/MiKTeX/texmfs/install/tex/latex/
float/float.sty
Package: float 2001/11/08 v1.3d Float enhancements (AL)
\c@float@type=\count290
\float@exts=\toks29
\float@box=\box54
\@float@everytoks=\toks30
\@floatcapt=\box55
)
(/Users/bamingyuan/Library/Application Support/MiKTeX/texmfs/install/tex/latex/
geometry/geometry.sty
Package: geometry 2020/01/02 v5.9 Page Geometry

(/Users/bamingyuan/Library/Application Support/MiKTeX/texmfs/install/tex/generi
c/iftex/ifvtex.sty
Package: ifvtex 2019/10/25 v1.7 ifvtex legacy package. Use iftex instead.
)
\Gm@cnth=\count291
\Gm@cntv=\count292
\c@Gm@tempcnt=\count293
\Gm@bindingoffset=\dimen164
\Gm@wd@mp=\dimen165
\Gm@odd@mp=\dimen166
\Gm@even@mp=\dimen167
\Gm@layoutwidth=\dimen168
\Gm@layoutheight=\dimen169
\Gm@layouthoffset=\dimen170
\Gm@layoutvoffset=\dimen171
\Gm@dimlist=\toks31

(/Users/bamingyuan/Library/Application Support/MiKTeX/texmfs/install/tex/latex/
geometry/geometry.cfg))
(/Users/bamingyuan/Library/Application Support/MiKTeX/texmfs/install/tex/latex/
tasks/tasks.sty
(/Users/bamingyuan/Library/Application Support/MiKTeX/texmfs/install/tex/latex/
l3kernel/expl3.sty
Package: expl3 2024-02-20 L3 programming layer (loader) 

(/Users/bamingyuan/Library/Application Support/MiKTeX/texmfs/install/tex/latex/
l3backend/l3backend-pdftex.def
File: l3backend-pdftex.def 2024-02-20 L3 backend support: PDF output (pdfTeX)
\l__color_backend_stack_int=\count294
\l__pdf_internal_box=\box56
))
(/Users/bamingyuan/Library/Application Support/MiKTeX/texmfs/install/tex/latex/
l3packages/xparse/xparse.sty
Package: xparse 2024-02-18 L3 Experimental document command parser
)
(/Users/bamingyuan/Library/Application Support/MiKTeX/texmfs/install/tex/latex/
l3packages/xtemplate/xtemplate.sty
(/Users/bamingyuan/Library/Application Support/MiKTeX/texmfs/install/tex/latex/
l3packages/xtemplate/xtemplate-2023-10-10.sty
Package: xtemplate 2023-10-10 L3 Experimental prototype document functions
\l__xtemplate_tmp_dim=\dimen172
\l__xtemplate_tmp_int=\count295
\l__xtemplate_tmp_muskip=\muskip18
\l__xtemplate_tmp_skip=\skip61
))
Package: tasks 2022/01/08 v1.4a lists with columns filled horizontally
\g__tasks_total_items_int=\count296
\l__tasks_columns_int=\count297
\g__tasks_rows_int=\count298
\g__tasks_current_col_num_int=\count299
\g__tasks_current_row_num_int=\count300
\l__tasks_item_columns_int=\count301
\g__tasks_env_int=\count302
\l__tasks_start_int=\count303
\l__tasks_item_indent_dim=\dimen173
\l__tasks_item_default_indent_dim=\dimen174
\l__tasks_item_width_dim=\dimen175
\l__tasks_label_width_dim=\dimen176
\l__tasks_label_default_width_dim=\dimen177
\l__tasks_label_offset_dim=\dimen178
\l__tasks_label_default_offset_dim=\dimen179
\l__tasks_column_sep_dim=\dimen180
\l__tasks_correction_dim=\dimen181
\l__tasks_full_width_dim=\dimen182
\l__tasks_after_item_skip=\skip62
\l__tasks_custom_after_item_skip=\skip63
\l__tasks_before_list_skip=\skip64
\l__tasks_after_list_skip=\skip65
\l__tasks_item_coffin=\box57
\l__tasks_label_coffin=\box58
\c@task=\count304
\l__tasks_tmpa_int=\count305
\l__tasks_tmpb_int=\count306
\l__tasks_tmpa_coffin=\box59
\l__tasks_tmpa_box=\box60

Package xtemplate Info: Declaring object type 'tasks' taking 3 argument(s) on
(xtemplate)             line 450.


(/Users/bamingyuan/Library/Application Support/MiKTeX/texmfs/install/tex/latex/
tasks/tasks.cfg))
(/Users/bamingyuan/Library/Application Support/MiKTeX/texmfs/install/tex/latex/
xstring/xstring.sty
(/Users/bamingyuan/Library/Application Support/MiKTeX/texmfs/install/tex/generi
c/xstring/xstring.tex
\xs_counta=\count307
\xs_countb=\count308
)
Package: xstring 2023/08/22 v1.86 String manipulations (CT)
)
(/Users/bamingyuan/Library/Application Support/MiKTeX/texmfs/install/tex/latex/
mdframed/mdframed.sty
Package: mdframed 2013/07/01 1.9b: mdframed

(/Users/bamingyuan/Library/Application Support/MiKTeX/texmfs/install/tex/latex/
zref/zref-abspage.sty
Package: zref-abspage 2023-09-14 v2.35 Module abspage for zref (HO)

(/Users/bamingyuan/Library/Application Support/MiKTeX/texmfs/install/tex/latex/
zref/zref-base.sty
Package: zref-base 2023-09-14 v2.35 Module base for zref (HO)

(/Users/bamingyuan/Library/Application Support/MiKTeX/texmfs/install/tex/generi
c/etexcmds/etexcmds.sty
Package: etexcmds 2019/12/15 v1.7 Avoid name clashes with e-TeX commands (HO)
)
Package zref Info: New property list: main on input line 767.
Package zref Info: New property: default on input line 768.
Package zref Info: New property: page on input line 769.
)
\c@abspage=\count309
Package zref Info: New property: abspage on input line 67.
)
(/Users/bamingyuan/Library/Application Support/MiKTeX/texmfs/install/tex/latex/
needspace/needspace.sty
Package: needspace 2010/09/12 v1.3d reserve vertical space
)
\mdf@templength=\skip66
\c@mdf@globalstyle@cnt=\count310
\mdf@skipabove@length=\skip67
\mdf@skipbelow@length=\skip68
\mdf@leftmargin@length=\skip69
\mdf@rightmargin@length=\skip70
\mdf@innerleftmargin@length=\skip71
\mdf@innerrightmargin@length=\skip72
\mdf@innertopmargin@length=\skip73
\mdf@innerbottommargin@length=\skip74
\mdf@splittopskip@length=\skip75
\mdf@splitbottomskip@length=\skip76
\mdf@outermargin@length=\skip77
\mdf@innermargin@length=\skip78
\mdf@linewidth@length=\skip79
\mdf@innerlinewidth@length=\skip80
\mdf@middlelinewidth@length=\skip81
\mdf@outerlinewidth@length=\skip82
\mdf@roundcorner@length=\skip83
\mdf@footenotedistance@length=\skip84
\mdf@userdefinedwidth@length=\skip85
\mdf@needspace@length=\skip86
\mdf@frametitleaboveskip@length=\skip87
\mdf@frametitlebelowskip@length=\skip88
\mdf@frametitlerulewidth@length=\skip89
\mdf@frametitleleftmargin@length=\skip90
\mdf@frametitlerightmargin@length=\skip91
\mdf@shadowsize@length=\skip92
\mdf@extratopheight@length=\skip93
\mdf@subtitleabovelinewidth@length=\skip94
\mdf@subtitlebelowlinewidth@length=\skip95
\mdf@subtitleaboveskip@length=\skip96
\mdf@subtitlebelowskip@length=\skip97
\mdf@subtitleinneraboveskip@length=\skip98
\mdf@subtitleinnerbelowskip@length=\skip99
\mdf@subsubtitleabovelinewidth@length=\skip100
\mdf@subsubtitlebelowlinewidth@length=\skip101
\mdf@subsubtitleaboveskip@length=\skip102
\mdf@subsubtitlebelowskip@length=\skip103
\mdf@subsubtitleinneraboveskip@length=\skip104
\mdf@subsubtitleinnerbelowskip@length=\skip105

(/Users/bamingyuan/Library/Application Support/MiKTeX/texmfs/install/tex/latex/
pgf/frontendlayer/tikz.sty
(/Users/bamingyuan/Library/Application Support/MiKTeX/texmfs/install/tex/latex/
pgf/basiclayer/pgf.sty
(/Users/bamingyuan/Library/Application Support/MiKTeX/texmfs/install/tex/latex/
pgf/utilities/pgfrcs.sty
(/Users/bamingyuan/Library/Application Support/MiKTeX/texmfs/install/tex/generi
c/pgf/utilities/pgfutil-common.tex
\pgfutil@everybye=\toks32
\pgfutil@tempdima=\dimen183
\pgfutil@tempdimb=\dimen184
)
(/Users/bamingyuan/Library/Application Support/MiKTeX/texmfs/install/tex/generi
c/pgf/utilities/pgfutil-latex.def
\pgfutil@abb=\box61
)
(/Users/bamingyuan/Library/Application Support/MiKTeX/texmfs/install/tex/generi
c/pgf/utilities/pgfrcs.code.tex
(/Users/bamingyuan/Library/Application Support/MiKTeX/texmfs/install/tex/generi
c/pgf/pgf.revision.tex)
Package: pgfrcs 2023-01-15 v3.1.10 (3.1.10)
))
Package: pgf 2023-01-15 v3.1.10 (3.1.10)

(/Users/bamingyuan/Library/Application Support/MiKTeX/texmfs/install/tex/latex/
pgf/basiclayer/pgfcore.sty
(/Users/bamingyuan/Library/Application Support/MiKTeX/texmfs/install/tex/latex/
graphics/graphicx.sty
Package: graphicx 2021/09/16 v1.2d Enhanced LaTeX Graphics (DPC,SPQR)

(/Users/bamingyuan/Library/Application Support/MiKTeX/texmfs/install/tex/latex/
graphics/graphics.sty
Package: graphics 2022/03/10 v1.4e Standard LaTeX Graphics (DPC,SPQR)

(/Users/bamingyuan/Library/Application Support/MiKTeX/texmfs/install/tex/latex/
graphics/trig.sty
Package: trig 2021/08/11 v1.11 sin cos tan (DPC)
)
(/Users/bamingyuan/Library/Application Support/MiKTeX/texmfs/install/tex/latex/
graphics-cfg/graphics.cfg
File: graphics.cfg 2016/06/04 v1.11 sample graphics configuration
)
Package graphics Info: Driver file: pdftex.def on input line 107.
)
\Gin@req@height=\dimen185
\Gin@req@width=\dimen186
)
(/Users/bamingyuan/Library/Application Support/MiKTeX/texmfs/install/tex/latex/
pgf/systemlayer/pgfsys.sty
(/Users/bamingyuan/Library/Application Support/MiKTeX/texmfs/install/tex/generi
c/pgf/systemlayer/pgfsys.code.tex
Package: pgfsys 2023-01-15 v3.1.10 (3.1.10)

(/Users/bamingyuan/Library/Application Support/MiKTeX/texmfs/install/tex/generi
c/pgf/utilities/pgfkeys.code.tex
\pgfkeys@pathtoks=\toks33
\pgfkeys@temptoks=\toks34

(/Users/bamingyuan/Library/Application Support/MiKTeX/texmfs/install/tex/generi
c/pgf/utilities/pgfkeyslibraryfiltered.code.tex
\pgfkeys@tmptoks=\toks35
))
\pgf@x=\dimen187
\pgf@y=\dimen188
\pgf@xa=\dimen189
\pgf@ya=\dimen190
\pgf@xb=\dimen191
\pgf@yb=\dimen192
\pgf@xc=\dimen193
\pgf@yc=\dimen194
\pgf@xd=\dimen195
\pgf@yd=\dimen196
\w@pgf@writea=\write3
\r@pgf@reada=\read2
\c@pgf@counta=\count311
\c@pgf@countb=\count312
\c@pgf@countc=\count313
\c@pgf@countd=\count314
\t@pgf@toka=\toks36
\t@pgf@tokb=\toks37
\t@pgf@tokc=\toks38
\pgf@sys@id@count=\count315

(/Users/bamingyuan/Library/Application Support/MiKTeX/texmfs/install/tex/generi
c/pgf/systemlayer/pgf.cfg
File: pgf.cfg 2023-01-15 v3.1.10 (3.1.10)
)
Driver file for pgf: pgfsys-pdftex.def

(/Users/bamingyuan/Library/Application Support/MiKTeX/texmfs/install/tex/generi
c/pgf/systemlayer/pgfsys-pdftex.def
File: pgfsys-pdftex.def 2023-01-15 v3.1.10 (3.1.10)

(/Users/bamingyuan/Library/Application Support/MiKTeX/texmfs/install/tex/generi
c/pgf/systemlayer/pgfsys-common-pdf.def
File: pgfsys-common-pdf.def 2023-01-15 v3.1.10 (3.1.10)
)))
(/Users/bamingyuan/Library/Application Support/MiKTeX/texmfs/install/tex/generi
c/pgf/systemlayer/pgfsyssoftpath.code.tex
File: pgfsyssoftpath.code.tex 2023-01-15 v3.1.10 (3.1.10)
\pgfsyssoftpath@smallbuffer@items=\count316
\pgfsyssoftpath@bigbuffer@items=\count317
)
(/Users/bamingyuan/Library/Application Support/MiKTeX/texmfs/install/tex/generi
c/pgf/systemlayer/pgfsysprotocol.code.tex
File: pgfsysprotocol.code.tex 2023-01-15 v3.1.10 (3.1.10)
))
(/Users/bamingyuan/Library/Application Support/MiKTeX/texmfs/install/tex/generi
c/pgf/basiclayer/pgfcore.code.tex
Package: pgfcore 2023-01-15 v3.1.10 (3.1.10)

(/Users/bamingyuan/Library/Application Support/MiKTeX/texmfs/install/tex/generi
c/pgf/math/pgfmath.code.tex
(/Users/bamingyuan/Library/Application Support/MiKTeX/texmfs/install/tex/generi
c/pgf/math/pgfmathutil.code.tex)
(/Users/bamingyuan/Library/Application Support/MiKTeX/texmfs/install/tex/generi
c/pgf/math/pgfmathparser.code.tex
\pgfmath@dimen=\dimen197
\pgfmath@count=\count318
\pgfmath@box=\box62
\pgfmath@toks=\toks39
\pgfmath@stack@operand=\toks40
\pgfmath@stack@operation=\toks41
)
(/Users/bamingyuan/Library/Application Support/MiKTeX/texmfs/install/tex/generi
c/pgf/math/pgfmathfunctions.code.tex)
(/Users/bamingyuan/Library/Application Support/MiKTeX/texmfs/install/tex/generi
c/pgf/math/pgfmathfunctions.basic.code.tex)
(/Users/bamingyuan/Library/Application Support/MiKTeX/texmfs/install/tex/generi
c/pgf/math/pgfmathfunctions.trigonometric.code.tex)
(/Users/bamingyuan/Library/Application Support/MiKTeX/texmfs/install/tex/generi
c/pgf/math/pgfmathfunctions.random.code.tex)
(/Users/bamingyuan/Library/Application Support/MiKTeX/texmfs/install/tex/generi
c/pgf/math/pgfmathfunctions.comparison.code.tex)
(/Users/bamingyuan/Library/Application Support/MiKTeX/texmfs/install/tex/generi
c/pgf/math/pgfmathfunctions.base.code.tex)
(/Users/bamingyuan/Library/Application Support/MiKTeX/texmfs/install/tex/generi
c/pgf/math/pgfmathfunctions.round.code.tex)
(/Users/bamingyuan/Library/Application Support/MiKTeX/texmfs/install/tex/generi
c/pgf/math/pgfmathfunctions.misc.code.tex)
(/Users/bamingyuan/Library/Application Support/MiKTeX/texmfs/install/tex/generi
c/pgf/math/pgfmathfunctions.integerarithmetics.code.tex)
(/Users/bamingyuan/Library/Application Support/MiKTeX/texmfs/install/tex/generi
c/pgf/math/pgfmathcalc.code.tex)
(/Users/bamingyuan/Library/Application Support/MiKTeX/texmfs/install/tex/generi
c/pgf/math/pgfmathfloat.code.tex
\c@pgfmathroundto@lastzeros=\count319
))
(/Users/bamingyuan/Library/Application Support/MiKTeX/texmfs/install/tex/generi
c/pgf/math/pgfint.code.tex)
(/Users/bamingyuan/Library/Application Support/MiKTeX/texmfs/install/tex/generi
c/pgf/basiclayer/pgfcorepoints.code.tex
File: pgfcorepoints.code.tex 2023-01-15 v3.1.10 (3.1.10)
\pgf@picminx=\dimen198
\pgf@picmaxx=\dimen199
\pgf@picminy=\dimen256
\pgf@picmaxy=\dimen257
\pgf@pathminx=\dimen258
\pgf@pathmaxx=\dimen259
\pgf@pathminy=\dimen260
\pgf@pathmaxy=\dimen261
\pgf@xx=\dimen262
\pgf@xy=\dimen263
\pgf@yx=\dimen264
\pgf@yy=\dimen265
\pgf@zx=\dimen266
\pgf@zy=\dimen267
)
(/Users/bamingyuan/Library/Application Support/MiKTeX/texmfs/install/tex/generi
c/pgf/basiclayer/pgfcorepathconstruct.code.tex
File: pgfcorepathconstruct.code.tex 2023-01-15 v3.1.10 (3.1.10)
\pgf@path@lastx=\dimen268
\pgf@path@lasty=\dimen269
)
(/Users/bamingyuan/Library/Application Support/MiKTeX/texmfs/install/tex/generi
c/pgf/basiclayer/pgfcorepathusage.code.tex
File: pgfcorepathusage.code.tex 2023-01-15 v3.1.10 (3.1.10)
\pgf@shorten@end@additional=\dimen270
\pgf@shorten@start@additional=\dimen271
)
(/Users/bamingyuan/Library/Application Support/MiKTeX/texmfs/install/tex/generi
c/pgf/basiclayer/pgfcorescopes.code.tex
File: pgfcorescopes.code.tex 2023-01-15 v3.1.10 (3.1.10)
\pgfpic=\box63
\pgf@hbox=\box64
\pgf@layerbox@main=\box65
\pgf@picture@serial@count=\count320
)
(/Users/bamingyuan/Library/Application Support/MiKTeX/texmfs/install/tex/generi
c/pgf/basiclayer/pgfcoregraphicstate.code.tex
File: pgfcoregraphicstate.code.tex 2023-01-15 v3.1.10 (3.1.10)
\pgflinewidth=\dimen272
)
(/Users/bamingyuan/Library/Application Support/MiKTeX/texmfs/install/tex/generi
c/pgf/basiclayer/pgfcoretransformations.code.tex
File: pgfcoretransformations.code.tex 2023-01-15 v3.1.10 (3.1.10)
\pgf@pt@x=\dimen273
\pgf@pt@y=\dimen274
\pgf@pt@temp=\dimen275
)
(/Users/bamingyuan/Library/Application Support/MiKTeX/texmfs/install/tex/generi
c/pgf/basiclayer/pgfcorequick.code.tex
File: pgfcorequick.code.tex 2023-01-15 v3.1.10 (3.1.10)
)
(/Users/bamingyuan/Library/Application Support/MiKTeX/texmfs/install/tex/generi
c/pgf/basiclayer/pgfcoreobjects.code.tex
File: pgfcoreobjects.code.tex 2023-01-15 v3.1.10 (3.1.10)
)
(/Users/bamingyuan/Library/Application Support/MiKTeX/texmfs/install/tex/generi
c/pgf/basiclayer/pgfcorepathprocessing.code.tex
File: pgfcorepathprocessing.code.tex 2023-01-15 v3.1.10 (3.1.10)
)
(/Users/bamingyuan/Library/Application Support/MiKTeX/texmfs/install/tex/generi
c/pgf/basiclayer/pgfcorearrows.code.tex
File: pgfcorearrows.code.tex 2023-01-15 v3.1.10 (3.1.10)
\pgfarrowsep=\dimen276
)
(/Users/bamingyuan/Library/Application Support/MiKTeX/texmfs/install/tex/generi
c/pgf/basiclayer/pgfcoreshade.code.tex
File: pgfcoreshade.code.tex 2023-01-15 v3.1.10 (3.1.10)
\pgf@max=\dimen277
\pgf@sys@shading@range@num=\count321
\pgf@shadingcount=\count322
)
(/Users/bamingyuan/Library/Application Support/MiKTeX/texmfs/install/tex/generi
c/pgf/basiclayer/pgfcoreimage.code.tex
File: pgfcoreimage.code.tex 2023-01-15 v3.1.10 (3.1.10)
)
(/Users/bamingyuan/Library/Application Support/MiKTeX/texmfs/install/tex/generi
c/pgf/basiclayer/pgfcoreexternal.code.tex
File: pgfcoreexternal.code.tex 2023-01-15 v3.1.10 (3.1.10)
\pgfexternal@startupbox=\box66
)
(/Users/bamingyuan/Library/Application Support/MiKTeX/texmfs/install/tex/generi
c/pgf/basiclayer/pgfcorelayers.code.tex
File: pgfcorelayers.code.tex 2023-01-15 v3.1.10 (3.1.10)
)
(/Users/bamingyuan/Library/Application Support/MiKTeX/texmfs/install/tex/generi
c/pgf/basiclayer/pgfcoretransparency.code.tex
File: pgfcoretransparency.code.tex 2023-01-15 v3.1.10 (3.1.10)
)
(/Users/bamingyuan/Library/Application Support/MiKTeX/texmfs/install/tex/generi
c/pgf/basiclayer/pgfcorepatterns.code.tex
File: pgfcorepatterns.code.tex 2023-01-15 v3.1.10 (3.1.10)
)
(/Users/bamingyuan/Library/Application Support/MiKTeX/texmfs/install/tex/generi
c/pgf/basiclayer/pgfcorerdf.code.tex
File: pgfcorerdf.code.tex 2023-01-15 v3.1.10 (3.1.10)
)))
(/Users/bamingyuan/Library/Application Support/MiKTeX/texmfs/install/tex/generi
c/pgf/modules/pgfmoduleshapes.code.tex
File: pgfmoduleshapes.code.tex 2023-01-15 v3.1.10 (3.1.10)
\pgfnodeparttextbox=\box67
)
(/Users/bamingyuan/Library/Application Support/MiKTeX/texmfs/install/tex/generi
c/pgf/modules/pgfmoduleplot.code.tex
File: pgfmoduleplot.code.tex 2023-01-15 v3.1.10 (3.1.10)
)
(/Users/bamingyuan/Library/Application Support/MiKTeX/texmfs/install/tex/latex/
pgf/compatibility/pgfcomp-version-0-65.sty
Package: pgfcomp-version-0-65 2023-01-15 v3.1.10 (3.1.10)
\pgf@nodesepstart=\dimen278
\pgf@nodesepend=\dimen279
)
(/Users/bamingyuan/Library/Application Support/MiKTeX/texmfs/install/tex/latex/
pgf/compatibility/pgfcomp-version-1-18.sty
Package: pgfcomp-version-1-18 2023-01-15 v3.1.10 (3.1.10)
))
(/Users/bamingyuan/Library/Application Support/MiKTeX/texmfs/install/tex/latex/
pgf/utilities/pgffor.sty
(/Users/bamingyuan/Library/Application Support/MiKTeX/texmfs/install/tex/latex/
pgf/utilities/pgfkeys.sty
(/Users/bamingyuan/Library/Application Support/MiKTeX/texmfs/install/tex/generi
c/pgf/utilities/pgfkeys.code.tex))
(/Users/bamingyuan/Library/Application Support/MiKTeX/texmfs/install/tex/latex/
pgf/math/pgfmath.sty
(/Users/bamingyuan/Library/Application Support/MiKTeX/texmfs/install/tex/generi
c/pgf/math/pgfmath.code.tex))
(/Users/bamingyuan/Library/Application Support/MiKTeX/texmfs/install/tex/generi
c/pgf/utilities/pgffor.code.tex
Package: pgffor 2023-01-15 v3.1.10 (3.1.10)
\pgffor@iter=\dimen280
\pgffor@skip=\dimen281
\pgffor@stack=\toks42
\pgffor@toks=\toks43
))
(/Users/bamingyuan/Library/Application Support/MiKTeX/texmfs/install/tex/generi
c/pgf/frontendlayer/tikz/tikz.code.tex
Package: tikz 2023-01-15 v3.1.10 (3.1.10)

(/Users/bamingyuan/Library/Application Support/MiKTeX/texmfs/install/tex/generi
c/pgf/libraries/pgflibraryplothandlers.code.tex
File: pgflibraryplothandlers.code.tex 2023-01-15 v3.1.10 (3.1.10)
\pgf@plot@mark@count=\count323
\pgfplotmarksize=\dimen282
)
\tikz@lastx=\dimen283
\tikz@lasty=\dimen284
\tikz@lastxsaved=\dimen285
\tikz@lastysaved=\dimen286
\tikz@lastmovetox=\dimen287
\tikz@lastmovetoy=\dimen288
\tikzleveldistance=\dimen289
\tikzsiblingdistance=\dimen290
\tikz@figbox=\box68
\tikz@figbox@bg=\box69
\tikz@tempbox=\box70
\tikz@tempbox@bg=\box71
\tikztreelevel=\count324
\tikznumberofchildren=\count325
\tikznumberofcurrentchild=\count326
\tikz@fig@count=\count327

(/Users/bamingyuan/Library/Application Support/MiKTeX/texmfs/install/tex/generi
c/pgf/modules/pgfmodulematrix.code.tex
File: pgfmodulematrix.code.tex 2023-01-15 v3.1.10 (3.1.10)
\pgfmatrixcurrentrow=\count328
\pgfmatrixcurrentcolumn=\count329
\pgf@matrix@numberofcolumns=\count330
)
\tikz@expandcount=\count331

(/Users/bamingyuan/Library/Application Support/MiKTeX/texmfs/install/tex/generi
c/pgf/frontendlayer/tikz/libraries/tikzlibrarytopaths.code.tex
File: tikzlibrarytopaths.code.tex 2023-01-15 v3.1.10 (3.1.10)
)))
(/Users/bamingyuan/Library/Application Support/MiKTeX/texmfs/install/tex/latex/
mdframed/md-frame-1.mdf
File: md-frame-1.mdf 2013/07/01\ 1.9b: md-frame-1
)
\mdf@frametitlebox=\box72
\mdf@footnotebox=\box73
\mdf@splitbox@one=\box74
\mdf@splitbox@two=\box75
\mdf@splitbox@save=\box76
\mdfsplitboxwidth=\skip106
\mdfsplitboxtotalwidth=\skip107
\mdfsplitboxheight=\skip108
\mdfsplitboxdepth=\skip109
\mdfsplitboxtotalheight=\skip110
\mdfframetitleboxwidth=\skip111
\mdfframetitleboxtotalwidth=\skip112
\mdfframetitleboxheight=\skip113
\mdfframetitleboxdepth=\skip114
\mdfframetitleboxtotalheight=\skip115
\mdffootnoteboxwidth=\skip116
\mdffootnoteboxtotalwidth=\skip117
\mdffootnoteboxheight=\skip118
\mdffootnoteboxdepth=\skip119
\mdffootnoteboxtotalheight=\skip120
\mdftotallinewidth=\skip121
\mdfboundingboxwidth=\skip122
\mdfboundingboxtotalwidth=\skip123
\mdfboundingboxheight=\skip124
\mdfboundingboxdepth=\skip125
\mdfboundingboxtotalheight=\skip126
\mdf@freevspace@length=\skip127
\mdf@horizontalwidthofbox@length=\skip128
\mdf@verticalmarginwhole@length=\skip129
\mdf@horizontalspaceofbox=\skip130
\mdfsubtitleheight=\skip131
\mdfsubsubtitleheight=\skip132
\c@mdfcountframes=\count332

****** mdframed patching \endmdf@trivlist

****** -- success******

\mdf@envdepth=\count333
\c@mdf@env@i=\count334
\c@mdf@env@ii=\count335
\c@mdf@zref@counter=\count336
Package zref Info: New property: mdf@pagevalue on input line 895.
)
(/Users/bamingyuan/Library/Application Support/MiKTeX/texmfs/install/tex/latex/
environ/environ.sty
Package: environ 2014/05/04 v0.3 A new way to define environments

(/Users/bamingyuan/Library/Application Support/MiKTeX/texmfs/install/tex/latex/
trimspaces/trimspaces.sty
Package: trimspaces 2009/09/17 v1.1 Trim spaces around a token list
))
(/Users/bamingyuan/Library/Application Support/MiKTeX/texmfs/install/tex/latex/
caption/subcaption.sty
Package: subcaption 2023/07/28 v1.6b Sub-captions (AR)

(/Users/bamingyuan/Library/Application Support/MiKTeX/texmfs/install/tex/latex/
caption/caption.sty
Package: caption 2023/08/05 v3.6o Customizing captions (AR)

(/Users/bamingyuan/Library/Application Support/MiKTeX/texmfs/install/tex/latex/
caption/caption3.sty
Package: caption3 2023/07/31 v2.4d caption3 kernel (AR)
\caption@tempdima=\dimen291
\captionmargin=\dimen292
\caption@leftmargin=\dimen293
\caption@rightmargin=\dimen294
\caption@width=\dimen295
\caption@indent=\dimen296
\caption@parindent=\dimen297
\caption@hangindent=\dimen298
Package caption Info: Standard document class detected.
)
\c@caption@flags=\count337
\c@continuedfloat=\count338
Package caption Info: float package is loaded.
Package caption Info: hyperref package is loaded.
)
Package caption Info: New subtype `subfigure' on input line 238.
\c@subfigure=\count339
Package caption Info: New subtype `subtable' on input line 238.
\c@subtable=\count340
)
(/Users/bamingyuan/Library/Application Support/MiKTeX/texmfs/install/tex/latex/
fourier/fourier-orns.sty
Package: fourier-orns 2022/02/05 2.3 fourier-ornaments package
)
(/Users/bamingyuan/Library/Application Support/MiKTeX/texmfs/install/tex/latex/
units/units.sty
Package: units 1998/08/04 v0.9b Typesetting units

(/Users/bamingyuan/Library/Application Support/MiKTeX/texmfs/install/tex/latex/
base/ifthen.sty
Package: ifthen 2022/04/13 v1.1d Standard LaTeX ifthen package (DPC)
)
(/Users/bamingyuan/Library/Application Support/MiKTeX/texmfs/install/tex/latex/
units/nicefrac.sty
Package: nicefrac 1998/08/04 v0.9b Nice fractions
\L@UnitsRaiseDisplaystyle=\skip133
\L@UnitsRaiseTextstyle=\skip134
\L@UnitsRaiseScriptstyle=\skip135
))
(/Users/bamingyuan/Library/Application Support/MiKTeX/texmfs/install/tex/latex/
fancyhdr/fancyhdr.sty
Package: fancyhdr 2022/11/09 v4.1 Extensive control of page headers and footers

\f@nch@headwidth=\skip136
\f@nch@O@elh=\skip137
\f@nch@O@erh=\skip138
\f@nch@O@olh=\skip139
\f@nch@O@orh=\skip140
\f@nch@O@elf=\skip141
\f@nch@O@erf=\skip142
\f@nch@O@olf=\skip143
\f@nch@O@orf=\skip144
) (main.aux)
\openout1 = `main.aux'.

LaTeX Font Info:    Checking defaults for OML/cmm/m/it on input line 47.
LaTeX Font Info:    ... okay on input line 47.
LaTeX Font Info:    Checking defaults for OMS/cmsy/m/n on input line 47.
LaTeX Font Info:    ... okay on input line 47.
LaTeX Font Info:    Checking defaults for OT1/cmr/m/n on input line 47.
LaTeX Font Info:    ... okay on input line 47.
LaTeX Font Info:    Checking defaults for T1/cmr/m/n on input line 47.
LaTeX Font Info:    ... okay on input line 47.
LaTeX Font Info:    Checking defaults for TS1/cmr/m/n on input line 47.
LaTeX Font Info:    ... okay on input line 47.
LaTeX Font Info:    Checking defaults for OMX/cmex/m/n on input line 47.
LaTeX Font Info:    ... okay on input line 47.
LaTeX Font Info:    Checking defaults for U/cmr/m/n on input line 47.
LaTeX Font Info:    ... okay on input line 47.
LaTeX Font Info:    Checking defaults for PD1/pdf/m/n on input line 47.
LaTeX Font Info:    ... okay on input line 47.
LaTeX Font Info:    Checking defaults for PU/pdf/m/n on input line 47.
LaTeX Font Info:    ... okay on input line 47.

(/Users/bamingyuan/Library/Application Support/MiKTeX/texmfs/install/tex/contex
t/base/mkii/supp-pdf.mkii
[Loading MPS to PDF converter (version 2006.09.02).]
\scratchcounter=\count341
\scratchdimen=\dimen299
\scratchbox=\box77
\nofMPsegments=\count342
\nofMParguments=\count343
\everyMPshowfont=\toks44
\MPscratchCnt=\count344
\MPscratchDim=\dimen300
\MPnumerator=\count345
\makeMPintoPDFobject=\count346
\everyMPtoPDFconversion=\toks45
)
(/Users/bamingyuan/Library/Application Support/MiKTeX/texmfs/install/tex/latex/
epstopdf-pkg/epstopdf-base.sty
Package: epstopdf-base 2020-01-24 v2.11 Base part for package epstopdf
Package epstopdf-base Info: Redefining graphics rule for `.eps' on input line 4
85.

(/Users/bamingyuan/Library/Application Support/MiKTeX/texmfs/install/tex/latex/
00miktex/epstopdf-sys.cfg
File: epstopdf-sys.cfg 2021/03/18 v2.0 Configuration of epstopdf for MiKTeX
))
Package hyperref Info: Link coloring OFF on input line 47.
 (main.out) (main.out)
\@outlinefile=\write4
\openout4 = `main.out'.


*geometry* driver: auto-detecting
*geometry* detected driver: pdftex
*geometry* verbose mode - [ preamble ] result:
* driver: pdftex
* paper: a4paper
* layout: <same size as paper>
* layoutoffset:(h,v)=(0.0pt,0.0pt)
* modes: 
* h-part:(L,W,R)=(76.82234pt, 443.86319pt, 76.82234pt)
* v-part:(T,H,B)=(76.82234pt, 691.40216pt, 76.82234pt)
* \paperwidth=597.50787pt
* \paperheight=845.04684pt
* \textwidth=443.86319pt
* \textheight=691.40216pt
* \oddsidemargin=4.55235pt
* \evensidemargin=4.55235pt
* \topmargin=-32.44765pt
* \headheight=14.5pt
* \headsep=25.0pt
* \topskip=12.0pt
* \footskip=30.0pt
* \marginparwidth=44.0pt
* \marginparsep=10.0pt
* \columnsep=10.0pt
* \skip\footins=10.8pt plus 4.0pt minus 2.0pt
* \hoffset=0.0pt
* \voffset=0.0pt
* \mag=1000
* \@twocolumnfalse
* \@twosidefalse
* \@mparswitchfalse
* \@reversemarginfalse
* (1in=72.27pt=25.4mm, 1cm=28.453pt)

Package caption Info: Begin \AtBeginDocument code.
Package caption Info: End \AtBeginDocument code.
[1{/Users/bamingyuan/Library/Application Support/MiKTeX/texmfs/data/fonts/map/p
dftex/pdftex.map}

]
Underfull \hbox (badness 10000) in paragraph at lines 65--66

 []

<graphs/show_keys.jpg, id=37, 1206.5075pt x 319.1925pt>
File: graphs/show_keys.jpg Graphic file (type jpg)
<use graphs/show_keys.jpg>
Package pdftex.def Info: graphs/show_keys.jpg  used on input line 77.
(pdftex.def)             Requested size: 355.0919pt x 93.94179pt.
<graphs/generate_key_pairs.jpg, id=38, 1764.5925pt x 1128.215pt>
File: graphs/generate_key_pairs.jpg Graphic file (type jpg)
<use graphs/generate_key_pairs.jpg>
Package pdftex.def Info: graphs/generate_key_pairs.jpg  used on input line 84.
(pdftex.def)             Requested size: 355.0919pt x 227.03343pt.
[2 <./graphs/show_keys.jpg>]
<graphs/store_key_pairs.jpg, id=51, 1624.0675pt x 989.6975pt>
File: graphs/store_key_pairs.jpg Graphic file (type jpg)
<use graphs/store_key_pairs.jpg>
Package pdftex.def Info: graphs/store_key_pairs.jpg  used on input line 91.
(pdftex.def)             Requested size: 310.70287pt x 189.32811pt.
<graphs/upload_public_key.jpg, id=52, 1722.435pt x 700.6175pt>
File: graphs/upload_public_key.jpg Graphic file (type jpg)
<use graphs/upload_public_key.jpg>
Package pdftex.def Info: graphs/upload_public_key.jpg  used on input line 100.
(pdftex.def)             Requested size: 199.73708pt x 81.23747pt.
<graphs/insert_public_key.jpg, id=53, 2105.8675pt x 967.615pt>
File: graphs/insert_public_key.jpg Graphic file (type jpg)
<use graphs/insert_public_key.jpg>
Package pdftex.def Info: graphs/insert_public_key.jpg  used on input line 106.
(pdftex.def)             Requested size: 199.73708pt x 91.76196pt.
<graphs/db_public_key.jpg, id=54, 790.955pt x 260.975pt>
File: graphs/db_public_key.jpg Graphic file (type jpg)
<use graphs/db_public_key.jpg>
Package pdftex.def Info: graphs/db_public_key.jpg  used on input line 115.
(pdftex.def)             Requested size: 355.0919pt x 117.16289pt.
 [3 <./graphs/generate_key_pairs.jpg> <./graphs/store_key_pairs.jpg> <./graphs/
upload_public_key.jpg> <./graphs/insert_public_key.jpg>]
<graphs/local_storage.jpg, id=61, 1308.89pt x 688.5725pt>
File: graphs/local_storage.jpg Graphic file (type jpg)
<use graphs/local_storage.jpg>
Package pdftex.def Info: graphs/local_storage.jpg  used on input line 122.
(pdftex.def)             Requested size: 355.0919pt x 186.79962pt.
LaTeX Font Info:    Trying to load font information for T1+cmtt on input line 1
27.

(/Users/bamingyuan/Library/Application Support/MiKTeX/texmfs/install/tex/latex/
base/t1cmtt.fd
File: t1cmtt.fd 2023/04/13 v2.5m Standard LaTeX font definitions
)
Overfull \hbox (62.34976pt too wide) in paragraph at lines 129--130
\T1/pplj/m/n/12 age and the re-cip-i-ent's pub-lic key, pre-vi-ously ob-tained 
through \T1/cmtt/m/n/12 getPublicKey(receiver);
 []

<graphs/front_join_room.jpg, id=67, 1413.28pt x 907.39pt>
File: graphs/front_join_room.jpg Graphic file (type jpg)
<use graphs/front_join_room.jpg>
Package pdftex.def Info: graphs/front_join_room.jpg  used on input line 136.
(pdftex.def)             Requested size: 355.0919pt x 227.98228pt.
[4 <./graphs/db_public_key.jpg> <./graphs/local_storage.jpg>]
<graphs/front_get_public_key.jpg, id=79, 1616.0375pt x 903.375pt>
File: graphs/front_get_public_key.jpg Graphic file (type jpg)
<use graphs/front_get_public_key.jpg>
Package pdftex.def Info: graphs/front_get_public_key.jpg  used on input line 14
3.
(pdftex.def)             Requested size: 355.0919pt x 198.495pt.
<graphs/back_get_public_key.jpg, id=80, 1545.775pt x 622.325pt>
File: graphs/back_get_public_key.jpg Graphic file (type jpg)
<use graphs/back_get_public_key.jpg>
Package pdftex.def Info: graphs/back_get_public_key.jpg  used on input line 153
.
(pdftex.def)             Requested size: 208.61623pt x 83.98175pt.
<graphs/db_get_public_key.jpg, id=81, 1720.4275pt x 505.89pt>
File: graphs/db_get_public_key.jpg Graphic file (type jpg)
<use graphs/db_get_public_key.jpg>
Package pdftex.def Info: graphs/db_get_public_key.jpg  used on input line 159.
(pdftex.def)             Requested size: 208.61623pt x 61.33714pt.
<graphs/sign_message.jpg, id=82, 1198.4775pt x 289.08pt>
File: graphs/sign_message.jpg Graphic file (type jpg)
<use graphs/sign_message.jpg>
Package pdftex.def Info: graphs/sign_message.jpg  used on input line 168.
(pdftex.def)             Requested size: 355.0919pt x 85.64838pt.
 [5 <./graphs/front_join_room.jpg> <./graphs/front_get_public_key.jpg> <./graph
s/back_get_public_key.jpg> <./graphs/db_get_public_key.jpg>]
<graphs/compute_shared_key.jpg, id=87, 1947.275pt x 973.6375pt>
File: graphs/compute_shared_key.jpg Graphic file (type jpg)
<use graphs/compute_shared_key.jpg>
Package pdftex.def Info: graphs/compute_shared_key.jpg  used on input line 175.

(pdftex.def)             Requested size: 355.0919pt x 177.53508pt.
<graphs/encrypt_message.jpg, id=89, 1931.215pt x 477.785pt>
File: graphs/encrypt_message.jpg Graphic file (type jpg)
<use graphs/encrypt_message.jpg>
Package pdftex.def Info: graphs/encrypt_message.jpg  used on input line 186.
(pdftex.def)             Requested size: 355.0919pt x 87.84935pt.
 [6 <./graphs/sign_message.jpg> <./graphs/compute_shared_key.jpg> <./graphs/enc
rypt_message.jpg>]
<graphs/processData.jpg, id=101, 1310.8975pt x 1246.6575pt>
File: graphs/processData.jpg Graphic file (type jpg)
<use graphs/processData.jpg>
Package pdftex.def Info: graphs/processData.jpg  used on input line 196.
(pdftex.def)             Requested size: 355.0919pt x 337.68631pt.
<graphs/decrypt_message.jpg, id=102, 1427.3325pt x 439.6425pt>
File: graphs/decrypt_message.jpg Graphic file (type jpg)
<use graphs/decrypt_message.jpg>
Package pdftex.def Info: graphs/decrypt_message.jpg  used on input line 203.
(pdftex.def)             Requested size: 355.0919pt x 109.37367pt.
<graphs/verify_signature.jpg, id=103, 1220.56pt x 222.8325pt>
File: graphs/verify_signature.jpg Graphic file (type jpg)
<use graphs/verify_signature.jpg>
Package pdftex.def Info: graphs/verify_signature.jpg  used on input line 210.
(pdftex.def)             Requested size: 355.0919pt x 64.82718pt.
 [7 <./graphs/processData.jpg> <./graphs/decrypt_message.jpg>]
<graphs/insert_user.jpg, id=111, 1296.845pt x 385.44pt>
File: graphs/insert_user.jpg Graphic file (type jpg)
<use graphs/insert_user.jpg>
Package pdftex.def Info: graphs/insert_user.jpg  used on input line 226.
(pdftex.def)             Requested size: 355.0919pt x 105.54051pt.
<graphs/hashed_passwd.jpg, id=112, 1150.2975pt x 200.75pt>
File: graphs/hashed_passwd.jpg Graphic file (type jpg)
<use graphs/hashed_passwd.jpg>
Package pdftex.def Info: graphs/hashed_passwd.jpg  used on input line 232.
(pdftex.def)             Requested size: 355.0919pt x 61.96841pt.
 [8 <./graphs/verify_signature.jpg> <./graphs/insert_user.jpg> <./graphs/hashed
_passwd.jpg>] [9] (main.aux)
 ***********
LaTeX2e <2023-11-01> patch level 1
L3 programming layer <2024-02-20>
 ***********
Package rerunfilecheck Info: File `main.out' has not changed.
(rerunfilecheck)             Checksum: 4522BF1081B224974276FAB06B3A2A45;352.
 ) 
Here is how much of TeX's memory you used:
 25497 strings out of 474436
 489284 string characters out of 5731134
 1934187 words of memory out of 5000000
 47342 multiletter control sequences out of 15000+600000
 586835 words of font info for 70 fonts, out of 8000000 for 9000
 1141 hyphenation exceptions out of 8191
 126i,11n,135p,761b,734s stack positions out of 10000i,1000n,20000p,200000b,200000s
 </Users/bamingyuan/Library/Application Support/MiKTeX/texmfs/data/fonts/pk/l
jfour/jknappen/ec/dpi600/ectt1200.pk>{/Users/bamingyuan/Library/Application Sup
port/MiKTeX/texmfs/install/fonts/enc/dvips/base/8r.enc}</Users/bamingyuan/Libra
ry/Application Support/MiKTeX/texmfs/install/fonts/type1/public/fpl/fplbj8a.pfb
></Users/bamingyuan/Library/Application Support/MiKTeX/texmfs/install/fonts/typ
e1/public/fpl/fplrc8a.pfb></Users/bamingyuan/Library/Application Support/MiKTeX
/texmfs/install/fonts/type1/public/fpl/fplrij8a.pfb></Users/bamingyuan/Library/
Application Support/MiKTeX/texmfs/install/fonts/type1/urw/palatino/uplb8a.pfb><
/Users/bamingyuan/Library/Application Support/MiKTeX/texmfs/install/fonts/type1
/urw/palatino/uplr8a.pfb></Users/bamingyuan/Library/Application Support/MiKTeX/
texmfs/install/fonts/type1/urw/palatino/uplri8a.pfb>
Output written on main.pdf (9 pages, 3037631 bytes).
PDF statistics:
 207 PDF objects out of 1000 (max. 8388607)
 42 named destinations out of 1000 (max. 500000)
 132 words of extra memory for PDF output out of 10000 (max. 10000000)

